<?xml version="1.0" encoding="UTF-8"?>
<testsuite xmlns:xsi="http://www.w3.org/2001/XMLSchema-instance" xsi:noNamespaceSchemaLocation="https://maven.apache.org/surefire/maven-surefire-plugin/xsd/surefire-test-report-3.0.xsd" version="3.0" name="com.highcourt.ruleIQ.RuleIqApplicationTests" time="3.374" tests="1" errors="0" skipped="0" failures="0">
  <properties>
[...]
</properties>
  <testcase name="contextLoads" classname="com.highcourt.ruleIQ.RuleIqApplicationTests" time="0.346">
    <system-out><![CDATA[22:17:13.475 [main] INFO org.springframework.test.context.support.AnnotationConfigContextLoaderUtils -- Could not detect default configuration classes for test class [com.highcourt.ruleIQ.RuleIqApplicationTests]: RuleIqApplicationTests does not declare any static, non-private, non-final, nested classes annotated with @Configuration.
22:17:13.540 [main] INFO org.springframework.boot.test.context.SpringBootTestContextBootstrapper -- Found @SpringBootConfiguration com.highcourt.ruleIQ.RuleIqApplication for test class com.highcourt.ruleIQ.RuleIqApplicationTests

  .   ____          _            __ _ _
 /\\ / ___'_ __ _ _(_)_ __  __ _ \ \ \ \
( ( )\___ | '_ | '_| | '_ \/ _` | \ \ \ \
 \\/  ___)| |_)| | | | | || (_| |  ) ) ) )
  '  |____| .__|_| |_|_| |_\__, | / / / /
 =========|_|==============|___/=/_/_/_/

 :: Spring Boot ::                (v3.3.5)

2024-11-06T22:17:13.691+05:30  INFO 61033 --- [ruleIQ] [           main] c.h.ruleIQ.RuleIqApplicationTests        : Starting RuleIqApplicationTests using Java 21.0.3 with PID 61033 (started by siddharthsharma in /Users/siddharthsharma/Downloads/ruleIQ)
2024-11-06T22:17:13.692+05:30 DEBUG 61033 --- [ruleIQ] [           main] c.h.ruleIQ.RuleIqApplicationTests        : Running with Spring Boot, Spring
2024-11-06T22:17:13.692+05:30  INFO 61033 --- [ruleIQ] [           main] c.h.ruleIQ.RuleIqApplicationTests        : No active profile set, falling back to 1 default profile: "default"
2024-11-06T22:17:14.231+05:30  INFO 61033 --- [ruleIQ] [           main] o.hibernate.jpa.internal.util.LogHelper  : HHH000204: Processing PersistenceUnitInfo [name: default]
2024-11-06T22:17:14.259+05:30  INFO 61033 --- [ruleIQ] [           main] org.hibernate.Version                    : HHH000412: Hibernate ORM core version 6.5.3.Final
2024-11-06T22:17:14.275+05:30  INFO 61033 --- [ruleIQ] [           main] o.h.c.internal.RegionFactoryInitiator    : HHH000026: Second-level cache disabled
2024-11-06T22:17:14.443+05:30  INFO 61033 --- [ruleIQ] [           main] com.zaxxer.hikari.HikariDataSource       : HikariPool-1 - Starting...
2024-11-06T22:17:15.150+05:30  INFO 61033 --- [ruleIQ] [           main] com.zaxxer.hikari.pool.HikariPool        : HikariPool-1 - Added connection com.mysql.cj.jdbc.ConnectionImpl@2cc34cd5
2024-11-06T22:17:15.151+05:30  INFO 61033 --- [ruleIQ] [           main] com.zaxxer.hikari.HikariDataSource       : HikariPool-1 - Start completed.
2024-11-06T22:17:15.528+05:30  INFO 61033 --- [ruleIQ] [           main] o.h.e.t.j.p.i.JtaPlatformInitiator       : HHH000489: No JTA platform available (set 'hibernate.transaction.jta.platform' to enable JTA platform integration)
Hibernate: alter table rule_definition modify column action json
Hibernate: alter table rule_definition modify column criteria json
2024-11-06T22:17:15.992+05:30  INFO 61033 --- [ruleIQ] [           main] c.h.ruleIQ.RuleIqApplicationTests        : Started RuleIqApplicationTests in 2.403 seconds (process running for 2.917)
2024-11-06T22:17:15.994+05:30  INFO 61033 --- [ruleIQ] [           main] c.highcourt.ruleIQ.ConnectivityChecker   : Checking MySQL connectivity
2024-11-06T22:17:15.996+05:30  INFO 61033 --- [ruleIQ] [           main] c.highcourt.ruleIQ.ConnectivityChecker   : MySQL connection is OK.
2024-11-06T22:17:15.996+05:30  INFO 61033 --- [ruleIQ] [           main] c.highcourt.ruleIQ.ConnectivityChecker   : Checking Redis connectivity
2024-11-06T22:17:16.155+05:30  INFO 61033 --- [ruleIQ] [           main] c.highcourt.ruleIQ.ConnectivityChecker   : Redis connection is OK.
2024-11-06T22:17:16.155+05:30  INFO 61033 --- [ruleIQ] [           main] c.highcourt.ruleIQ.ConnectivityChecker   : Checking Kafka connectivity
2024-11-06T22:17:16.163+05:30  INFO 61033 --- [ruleIQ] [           main] o.a.k.clients.admin.AdminClientConfig    : AdminClientConfig values: 
	auto.include.jmx.reporter = true
	bootstrap.controllers = []
	bootstrap.servers = [localhost:9092]
	client.dns.lookup = use_all_dns_ips
	client.id = 
	connections.max.idle.ms = 300000
	default.api.timeout.ms = 60000
	enable.metrics.push = true
	metadata.max.age.ms = 300000
	metric.reporters = []
	metrics.num.samples = 2
	metrics.recording.level = INFO
	metrics.sample.window.ms = 30000
	receive.buffer.bytes = 65536
	reconnect.backoff.max.ms = 1000
	reconnect.backoff.ms = 50
	request.timeout.ms = 30000
	retries = 2147483647
	retry.backoff.max.ms = 1000
	retry.backoff.ms = 100
	sasl.client.callback.handler.class = null
	sasl.jaas.config = null
	sasl.kerberos.kinit.cmd = /usr/bin/kinit
	sasl.kerberos.min.time.before.relogin = 60000
	sasl.kerberos.service.name = null
	sasl.kerberos.ticket.renew.jitter = 0.05
	sasl.kerberos.ticket.renew.window.factor = 0.8
	sasl.login.callback.handler.class = null
	sasl.login.class = null
	sasl.login.connect.timeout.ms = null
	sasl.login.read.timeout.ms = null
	sasl.login.refresh.buffer.seconds = 300
	sasl.login.refresh.min.period.seconds = 60
	sasl.login.refresh.window.factor = 0.8
	sasl.login.refresh.window.jitter = 0.05
	sasl.login.retry.backoff.max.ms = 10000
	sasl.login.retry.backoff.ms = 100
	sasl.mechanism = GSSAPI
	sasl.oauthbearer.clock.skew.seconds = 30
	sasl.oauthbearer.expected.audience = null
	sasl.oauthbearer.expected.issuer = null
	sasl.oauthbearer.jwks.endpoint.refresh.ms = 3600000
	sasl.oauthbearer.jwks.endpoint.retry.backoff.max.ms = 10000
	sasl.oauthbearer.jwks.endpoint.retry.backoff.ms = 100
	sasl.oauthbearer.jwks.endpoint.url = null
	sasl.oauthbearer.scope.claim.name = scope
	sasl.oauthbearer.sub.claim.name = sub
	sasl.oauthbearer.token.endpoint.url = null
	security.protocol = PLAINTEXT
	security.providers = null
	send.buffer.bytes = 131072
	socket.connection.setup.timeout.max.ms = 30000
	socket.connection.setup.timeout.ms = 10000
	ssl.cipher.suites = null
	ssl.enabled.protocols = [TLSv1.2, TLSv1.3]
	ssl.endpoint.identification.algorithm = https
	ssl.engine.factory.class = null
	ssl.key.password = null
	ssl.keymanager.algorithm = SunX509
	ssl.keystore.certificate.chain = null
	ssl.keystore.key = null
	ssl.keystore.location = null
	ssl.keystore.password = null
	ssl.keystore.type = JKS
	ssl.protocol = TLSv1.3
	ssl.provider = null
	ssl.secure.random.implementation = null
	ssl.trustmanager.algorithm = PKIX
	ssl.truststore.certificates = null
	ssl.truststore.location = null
	ssl.truststore.password = null
	ssl.truststore.type = JKS

2024-11-06T22:17:16.236+05:30  INFO 61033 --- [ruleIQ] [           main] o.a.kafka.common.utils.AppInfoParser     : Kafka version: 3.7.1
2024-11-06T22:17:16.236+05:30  INFO 61033 --- [ruleIQ] [           main] o.a.kafka.common.utils.AppInfoParser     : Kafka commitId: e2494e6ffb89f828
2024-11-06T22:17:16.236+05:30  INFO 61033 --- [ruleIQ] [           main] o.a.kafka.common.utils.AppInfoParser     : Kafka startTimeMs: 1730911636235
2024-11-06T22:17:16.418+05:30  INFO 61033 --- [ruleIQ] [           main] c.highcourt.ruleIQ.ConnectivityChecker   : Kafka connection is OK. Available topics: []
2024-11-06T22:17:16.418+05:30  INFO 61033 --- [ruleIQ] [| adminclient-1] o.a.kafka.common.utils.AppInfoParser     : App info kafka.admin.client for adminclient-1 unregistered
2024-11-06T22:17:16.421+05:30  INFO 61033 --- [ruleIQ] [| adminclient-1] o.apache.kafka.common.metrics.Metrics    : Metrics scheduler closed
2024-11-06T22:17:16.421+05:30  INFO 61033 --- [ruleIQ] [| adminclient-1] o.apache.kafka.common.metrics.Metrics    : Closing reporter org.apache.kafka.common.metrics.JmxReporter
2024-11-06T22:17:16.421+05:30  INFO 61033 --- [ruleIQ] [| adminclient-1] o.apache.kafka.common.metrics.Metrics    : Metrics reporters closed
]]></system-out>
    <system-err><![CDATA[WARNING: A Java agent has been loaded dynamically (/Users/siddharthsharma/.m2/repository/net/bytebuddy/byte-buddy-agent/1.14.19/byte-buddy-agent-1.14.19.jar)
WARNING: If a serviceability tool is in use, please run with -XX:+EnableDynamicAgentLoading to hide this warning
WARNING: If a serviceability tool is not in use, please run with -Djdk.instrument.traceUsage for more information
WARNING: Dynamic loading of agents will be disallowed by default in a future release
]]></system-err>
  </testcase>
</testsuite>